C51 COMPILER V9.60.7.0   DIGITAL_DICE                                                      12/20/2025 09:04:21 PAGE 1   


C51 COMPILER V9.60.7.0, COMPILATION OF MODULE DIGITAL_DICE
OBJECT MODULE PLACED IN .\Objects\digital_dice.obj
COMPILER INVOKED BY: C:\Keil_v5\C51\BIN\C51.EXE digital_dice.c OPTIMIZE(8,SPEED) BROWSE DEBUG OBJECTEXTEND PRINT(.\Listi
                    -ngs\digital_dice.lst) TABS(2) OBJECT(.\Objects\digital_dice.obj)

line level    source

   1          #include <reg51.h>
   2          
   3          sbit SW = P3^2;   // Push button
   4          
   5          // 7-segment codes for numbers 1 to 6 (COMMON CATHODE)
   6          unsigned char dice[6] =
   7          {
   8              0x06,  // 1
   9              0x5B,  // 2
  10              0x4F,  // 3
  11              0x66,  // 4
  12              0x6D,  // 5
  13              0x7D   // 6
  14          };
  15          
  16          void delay_ms(unsigned int ms);
  17          
  18          void main()
  19          {
  20   1          unsigned char rand;
  21   1      
  22   1          SW = 1;           // Switch as input
  23   1          TMOD = 0x01;      // Timer0 Mode 1 (16-bit)
  24   1          TR0 = 1;          // Start Timer0
  25   1      
  26   1          while(1)
  27   1          {
  28   2              if(SW == 0)   // Button pressed
  29   2              {
  30   3                  rand = TL0 % 6;      // Generate random number (0–5)
  31   3                  P1 = dice[rand];    // Display random number
  32   3      
  33   3                  delay_ms(300);      // Debounce delay
  34   3              }
  35   2          }
  36   1      }
  37          
  38          void delay_ms(unsigned int ms)
  39          {
  40   1          unsigned int i, j;
  41   1          for(i = 0; i < ms; i++)
  42   1              for(j = 0; j < 1275; j++);
  43   1      }


MODULE INFORMATION:   STATIC OVERLAYABLE
   CODE SIZE        =     68    ----
   CONSTANT SIZE    =   ----    ----
   XDATA SIZE       =   ----    ----
   PDATA SIZE       =   ----    ----
   DATA SIZE        =      6       1
   IDATA SIZE       =   ----    ----
   BIT SIZE         =   ----    ----
END OF MODULE INFORMATION.

C51 COMPILER V9.60.7.0   DIGITAL_DICE                                                      12/20/2025 09:04:21 PAGE 2   


C51 COMPILATION COMPLETE.  0 WARNING(S),  0 ERROR(S)
