C51 COMPILER V9.60.7.0   TRAFFIC_LIGHT_CONTROLLER                                          01/29/2026 18:59:57 PAGE 1   


C51 COMPILER V9.60.7.0, COMPILATION OF MODULE TRAFFIC_LIGHT_CONTROLLER
OBJECT MODULE PLACED IN .\Objects\traffic_light_controller.obj
COMPILER INVOKED BY: C:\Users\girid\AppData\Local\Keil_v5\C51\BIN\C51.EXE traffic_light_controller.c OPTIMIZE(8,SPEED) B
                    -ROWSE DEBUG OBJECTEXTEND PRINT(.\Listings\traffic_light_controller.lst) TABS(2) OBJECT(.\Objects\traffic_light_controlle
                    -r.obj)

line level    source

   1          #include <reg51.h>
   2          
   3          /* Road 1 */
   4          sbit R1_G = P2^0;
   5          sbit R1_Y = P2^1;
   6          sbit R1_R = P2^2;
   7          
   8          /* Road 2 */
   9          sbit R2_G = P2^3;
  10          sbit R2_Y = P2^4;
  11          sbit R2_R = P2^5;
  12          
  13          /* Road 3 */
  14          sbit R3_G = P2^6;
  15          sbit R3_Y = P2^7;
  16          sbit R3_R = P1^0;
  17          
  18          /* Road 4 */
  19          sbit R4_G = P1^1;
  20          sbit R4_Y = P1^2;
  21          sbit R4_R = P1^3;
  22          
  23          void delay(unsigned int sec) {
  24   1          unsigned int i, j;
  25   1          for(i=0;i<sec;i++)
  26   1              for(j=0;j<20000;j++);
  27   1      }
  28          
  29          void all_red() {
  30   1          R1_R=R2_R=R3_R=R4_R=0;  // RED ON
  31   1          R1_G=R2_G=R3_G=R4_G=1;  // GREEN OFF
  32   1          R1_Y=R2_Y=R3_Y=R4_Y=1;  // YELLOW OFF
  33   1      }
  34          
  35          void main() {
  36   1          while(1) {
  37   2      
  38   2              // Road 1
  39   2              all_red();
  40   2              R1_R = 1;
  41   2              R1_G = 0;
  42   2              delay(10);
  43   2              R1_G = 1; R1_Y = 0;
  44   2              delay(3);
  45   2              R1_Y = 1;
  46   2      
  47   2              // Road 2
  48   2              all_red();
  49   2              R2_R = 1;
  50   2              R2_G = 0;
  51   2              delay(10);
  52   2              R2_G = 1; R2_Y = 0;
  53   2              delay(3);
C51 COMPILER V9.60.7.0   TRAFFIC_LIGHT_CONTROLLER                                          01/29/2026 18:59:57 PAGE 2   

  54   2              R2_Y = 1;
  55   2      
  56   2              // Road 3
  57   2              all_red();
  58   2              R3_R = 1;
  59   2              R3_G = 0;
  60   2              delay(10);
  61   2              R3_G = 1; R3_Y = 0;
  62   2              delay(3);
  63   2              R3_Y = 1;
  64   2      
  65   2              // Road 4
  66   2              all_red();
  67   2              R4_R = 1;
  68   2              R4_G = 0;
  69   2              delay(10);
  70   2              R4_G = 1; R4_Y = 0;
  71   2              delay(3);
  72   2              R4_Y = 1;
  73   2          }
  74   1      }


MODULE INFORMATION:   STATIC OVERLAYABLE
   CODE SIZE        =    153    ----
   CONSTANT SIZE    =   ----    ----
   XDATA SIZE       =   ----    ----
   PDATA SIZE       =   ----    ----
   DATA SIZE        =   ----    ----
   IDATA SIZE       =   ----    ----
   BIT SIZE         =   ----    ----
END OF MODULE INFORMATION.


C51 COMPILATION COMPLETE.  0 WARNING(S),  0 ERROR(S)
