C51 COMPILER V9.60.7.0   STOPWATCH                                                         01/04/2026 12:06:31 PAGE 1   


C51 COMPILER V9.60.7.0, COMPILATION OF MODULE STOPWATCH
OBJECT MODULE PLACED IN .\Objects\stopwatch.obj
COMPILER INVOKED BY: C:\Keil_v5\C51\BIN\C51.EXE stopwatch.c OPTIMIZE(8,SPEED) BROWSE DEBUG OBJECTEXTEND PRINT(.\Listings
                    -\stopwatch.lst) TABS(2) OBJECT(.\Objects\stopwatch.obj)

line level    source

   1          #include <reg51.h>
   2          
   3          /* LCD Control Pins */
   4          sbit RS = P2^0;
   5          sbit RW = P2^1;
   6          sbit EN = P2^2;
   7          
   8          /* Push Buttons (Active LOW) */
   9          sbit START = P3^0;
  10          sbit STOP  = P3^1;
  11          sbit RESET = P3^2;
  12          
  13          /* Global Variables */
  14          unsigned int sec = 0, min = 0;
  15          bit run = 0;
  16          
  17          /* Function Prototypes */
  18          void delay_ms(unsigned int ms);
  19          void lcd_cmd(unsigned char cmd);
  20          void lcd_data(unsigned char dat);
  21          void lcd_init(void);
  22          void lcd_print(unsigned int m, unsigned int s);
  23          
  24          /* LCD Command */
  25          void lcd_cmd(unsigned char cmd) {
  26   1          P1 = cmd;
  27   1          RS = 0;
  28   1          RW = 0;
  29   1          EN = 1;
  30   1          delay_ms(2);
  31   1          EN = 0;
  32   1      }
  33          
  34          /* LCD Data */
  35          void lcd_data(unsigned char dat) {
  36   1          P1 = dat;
  37   1          RS = 1;
  38   1          RW = 0;
  39   1          EN = 1;
  40   1          delay_ms(2);
  41   1          EN = 0;
  42   1      }
  43          
  44          /* LCD Initialization */
  45          void lcd_init(void) {
  46   1          lcd_cmd(0x38);   // 8-bit, 2-line
  47   1          lcd_cmd(0x0C);   // Display ON
  48   1          lcd_cmd(0x01);   // Clear
  49   1          lcd_cmd(0x80);   // Cursor home
  50   1      }
  51          
  52          /* Display MM:SS */
  53          void lcd_print(unsigned int m, unsigned int s) {
  54   1          lcd_cmd(0x80);
C51 COMPILER V9.60.7.0   STOPWATCH                                                         01/04/2026 12:06:31 PAGE 2   

  55   1          lcd_data((m/10) + '0');
  56   1          lcd_data((m%10) + '0');
  57   1          lcd_data(':');
  58   1          lcd_data((s/10) + '0');
  59   1          lcd_data((s%10) + '0');
  60   1      }
  61          
  62          /* 1 ms Delay using Timer0 */
  63          void delay_ms(unsigned int ms) {
  64   1          unsigned int i;
  65   1          for(i = 0; i < ms; i++) {
  66   2              TMOD = 0x01;      // Timer0 Mode1
  67   2              TH0  = 0xFC;
  68   2              TL0  = 0x66;
  69   2              TR0  = 1;
  70   2              while(TF0 == 0);
  71   2              TR0  = 0;
  72   2              TF0  = 0;
  73   2          }
  74   1      }
  75          
  76          /* Main Program */
  77          void main(void) {
  78   1          P3 = 0xFF;   // Enable internal pull-ups for buttons
  79   1      
  80   1          lcd_init();
  81   1          lcd_print(min, sec);
  82   1      
  83   1          while(1) {
  84   2      
  85   2              if(START == 0) run = 1;
  86   2              if(STOP  == 0) run = 0;
  87   2      
  88   2              if(RESET == 0) {
  89   3                  min = 0;
  90   3                  sec = 0;
  91   3                  run = 0;
  92   3                  lcd_print(min, sec);
  93   3              }
  94   2      
  95   2              if(run) {
  96   3                  unsigned int i;
  97   3      
  98   3                  /* Non-blocking 1 second delay */
  99   3                  for(i = 0; i < 1000; i++) {
 100   4                      delay_ms(1);
 101   4      
 102   4                      if(STOP == 0) {
 103   5                          run = 0;
 104   5                          break;
 105   5                      }
 106   4      
 107   4                      if(RESET == 0) {
 108   5                          min = 0;
 109   5                          sec = 0;
 110   5                          run = 0;
 111   5                          lcd_print(min, sec);
 112   5                          break;
 113   5                      }
 114   4                  }
 115   3      
 116   3                  if(run) {
C51 COMPILER V9.60.7.0   STOPWATCH                                                         01/04/2026 12:06:31 PAGE 3   

 117   4                      sec++;
 118   4                      if(sec == 60) {
 119   5                          sec = 0;
 120   5                          min++;
 121   5                      }
 122   4                      lcd_print(min, sec);
 123   4                  }
 124   3              }
 125   2          }
 126   1      }


MODULE INFORMATION:   STATIC OVERLAYABLE
   CODE SIZE        =    289    ----
   CONSTANT SIZE    =   ----    ----
   XDATA SIZE       =   ----    ----
   PDATA SIZE       =   ----    ----
   DATA SIZE        =      4       6
   IDATA SIZE       =   ----    ----
   BIT SIZE         =      1    ----
END OF MODULE INFORMATION.


C51 COMPILATION COMPLETE.  0 WARNING(S),  0 ERROR(S)
