C51 COMPILER V9.60.7.0   DC_MOTOR_ON_OFF                                                   12/20/2025 10:43:42 PAGE 1   


C51 COMPILER V9.60.7.0, COMPILATION OF MODULE DC_MOTOR_ON_OFF
OBJECT MODULE PLACED IN .\Objects\dc_motor_on_off.obj
COMPILER INVOKED BY: C:\Keil_v5\C51\BIN\C51.EXE dc_motor_on_off.c OPTIMIZE(8,SPEED) BROWSE DEBUG OBJECTEXTEND PRINT(.\Li
                    -stings\dc_motor_on_off.lst) TABS(2) OBJECT(.\Objects\dc_motor_on_off.obj)

line level    source

   1          #include <reg51.h>
   2          
   3          sbit MOTOR = P1^0;   // L293D IN1
   4          sbit SW = P3^2;      // Switch
   5          
   6          void main()
   7          {
   8   1          MOTOR = 1;       // Motor OFF initially
   9   1      
  10   1          while(1)
  11   1          {
  12   2              if(SW == 0)  // Switch pressed
  13   2                  MOTOR = 0;   // Motor ON
  14   2              else
  15   2                  MOTOR = 1;   // Motor OFF
  16   2          }
  17   1      }


MODULE INFORMATION:   STATIC OVERLAYABLE
   CODE SIZE        =     13    ----
   CONSTANT SIZE    =   ----    ----
   XDATA SIZE       =   ----    ----
   PDATA SIZE       =   ----    ----
   DATA SIZE        =   ----    ----
   IDATA SIZE       =   ----    ----
   BIT SIZE         =   ----    ----
END OF MODULE INFORMATION.


C51 COMPILATION COMPLETE.  0 WARNING(S),  0 ERROR(S)
